{"uuid":"eff9c4b8-07dc-4de1-8999-b0a20d2c3774","historyId":"22b356299b9b12de0d994098883da444","fullName":"io.cucumber.testng.AbstractTestNGCucumberTests.runScenario","labels":[{"name":"package","value":"runner.RunCucumberTest"},{"name":"testClass","value":"runner.RunCucumberTest"},{"name":"testMethod","value":"runScenario"},{"name":"parentSuite","value":"Default Suite"},{"name":"suite","value":"BookApisAutomation-b4c9b47f77bb6932a6b6af77a7fca68db4c23bf2"},{"name":"subSuite","value":"runner.RunCucumberTest"},{"name":"host","value":"MohamedSci"},{"name":"thread","value":"9716@MohamedSci.main(1)"},{"name":"framework","value":"testng"},{"name":"language","value":"java"}],"links":[],"name":"Runs Cucumber Scenarios","status":"broken","statusDetails":{"known":false,"muted":false,"flaky":false,"message":"java.lang.NumberFormatException: Expected an int but was 1701012572148 at line 1 column 183 path $[0].timestamp","trace":"com.google.gson.JsonSyntaxException: java.lang.NumberFormatException: Expected an int but was 1701012572148 at line 1 column 183 path $[0].timestamp\r\n\tat com.google.gson.internal.bind.TypeAdapters$7.read(TypeAdapters.java:251)\r\n\tat com.google.gson.internal.bind.TypeAdapters$7.read(TypeAdapters.java:241)\r\n\tat com.google.gson.internal.bind.ReflectiveTypeAdapterFactory$1.readIntoField(ReflectiveTypeAdapterFactory.java:212)\r\n\tat com.google.gson.internal.bind.ReflectiveTypeAdapterFactory$FieldReflectionAdapter.readField(ReflectiveTypeAdapterFactory.java:433)\r\n\tat com.google.gson.internal.bind.ReflectiveTypeAdapterFactory$Adapter.read(ReflectiveTypeAdapterFactory.java:393)\r\n\tat com.google.gson.internal.bind.TypeAdapterRuntimeTypeWrapper.read(TypeAdapterRuntimeTypeWrapper.java:40)\r\n\tat com.google.gson.internal.bind.ArrayTypeAdapter.read(ArrayTypeAdapter.java:72)\r\n\tat com.google.gson.Gson.fromJson(Gson.java:1227)\r\n\tat com.google.gson.Gson.fromJson(Gson.java:1137)\r\n\tat com.google.gson.Gson.fromJson(Gson.java:1047)\r\n\tat com.google.gson.Gson.fromJson(Gson.java:982)\r\n\tat steps.Steps.stringJsonToObjectArray(Steps.java:39)\r\n\tat steps.Steps.userChecksTheRecentlySubmittedOrderToBeFoundInTheResponseTheOrderIsFound(Steps.java:146)\r\n\tat âœ½.The User Checks the recently Submitted Order to be found in the response, the Order is found(file:///C:/Users/moham/OneDrive/Desktop/API_Testing_projects/rest%20assuered%20automation%20jist%20working/BookApisAutomation-b4c9b47f77bb6932a6b6af77a7fca68db4c23bf2/src/test/resources/features/features.feature:20)\r\nCaused by: java.lang.NumberFormatException: Expected an int but was 1701012572148 at line 1 column 183 path $[0].timestamp\r\n\tat com.google.gson.stream.JsonReader.nextInt(JsonReader.java:1186)\r\n\tat com.google.gson.internal.bind.TypeAdapters$7.read(TypeAdapters.java:249)\r\n\tat com.google.gson.internal.bind.TypeAdapters$7.read(TypeAdapters.java:241)\r\n\tat com.google.gson.internal.bind.ReflectiveTypeAdapterFactory$1.readIntoField(ReflectiveTypeAdapterFactory.java:212)\r\n\tat com.google.gson.internal.bind.ReflectiveTypeAdapterFactory$FieldReflectionAdapter.readField(ReflectiveTypeAdapterFactory.java:433)\r\n\tat com.google.gson.internal.bind.ReflectiveTypeAdapterFactory$Adapter.read(ReflectiveTypeAdapterFactory.java:393)\r\n\tat com.google.gson.internal.bind.TypeAdapterRuntimeTypeWrapper.read(TypeAdapterRuntimeTypeWrapper.java:40)\r\n\tat com.google.gson.internal.bind.ArrayTypeAdapter.read(ArrayTypeAdapter.java:72)\r\n\tat com.google.gson.Gson.fromJson(Gson.java:1227)\r\n\tat com.google.gson.Gson.fromJson(Gson.java:1137)\r\n\tat com.google.gson.Gson.fromJson(Gson.java:1047)\r\n\tat com.google.gson.Gson.fromJson(Gson.java:982)\r\n\tat steps.Steps.stringJsonToObjectArray(Steps.java:39)\r\n\tat steps.Steps.userChecksTheRecentlySubmittedOrderToBeFoundInTheResponseTheOrderIsFound(Steps.java:146)\r\n\tat java.base/jdk.internal.reflect.NativeMethodAccessorImpl.invoke0(Native Method)\r\n\tat java.base/jdk.internal.reflect.NativeMethodAccessorImpl.invoke(NativeMethodAccessorImpl.java:77)\r\n\tat java.base/jdk.internal.reflect.DelegatingMethodAccessorImpl.invoke(DelegatingMethodAccessorImpl.java:43)\r\n\tat java.base/java.lang.reflect.Method.invoke(Method.java:568)\r\n\tat io.cucumber.java.Invoker.doInvoke(Invoker.java:66)\r\n\tat io.cucumber.java.Invoker.invoke(Invoker.java:24)\r\n\tat io.cucumber.java.AbstractGlueDefinition.invokeMethod(AbstractGlueDefinition.java:47)\r\n\tat io.cucumber.java.JavaStepDefinition.execute(JavaStepDefinition.java:29)\r\n\tat io.cucumber.core.runner.CoreStepDefinition.execute(CoreStepDefinition.java:66)\r\n\tat io.cucumber.core.runner.PickleStepDefinitionMatch.runStep(PickleStepDefinitionMatch.java:63)\r\n\tat io.cucumber.core.runner.ExecutionMode$1.execute(ExecutionMode.java:10)\r\n\tat io.cucumber.core.runner.TestStep.executeStep(TestStep.java:84)\r\n\tat io.cucumber.core.runner.TestStep.run(TestStep.java:56)\r\n\tat io.cucumber.core.runner.PickleStepTestStep.run(PickleStepTestStep.java:51)\r\n\tat io.cucumber.core.runner.TestCase.run(TestCase.java:84)\r\n\tat io.cucumber.core.runner.Runner.runPickle(Runner.java:75)\r\n\tat io.cucumber.testng.TestNGCucumberRunner.lambda$runScenario$1(TestNGCucumberRunner.java:132)\r\n\tat io.cucumber.core.runtime.CucumberExecutionContext.lambda$runTestCase$5(CucumberExecutionContext.java:137)\r\n\tat io.cucumber.core.runtime.RethrowingThrowableCollector.executeAndThrow(RethrowingThrowableCollector.java:23)\r\n\tat io.cucumber.core.runtime.CucumberExecutionContext.runTestCase(CucumberExecutionContext.java:137)\r\n\tat io.cucumber.testng.TestNGCucumberRunner.runScenario(TestNGCucumberRunner.java:129)\r\n\tat io.cucumber.testng.AbstractTestNGCucumberTests.runScenario(AbstractTestNGCucumberTests.java:35)\r\n\tat java.base/jdk.internal.reflect.NativeMethodAccessorImpl.invoke0(Native Method)\r\n\tat java.base/jdk.internal.reflect.NativeMethodAccessorImpl.invoke(NativeMethodAccessorImpl.java:77)\r\n\tat java.base/jdk.internal.reflect.DelegatingMethodAccessorImpl.invoke(DelegatingMethodAccessorImpl.java:43)\r\n\tat java.base/java.lang.reflect.Method.invoke(Method.java:568)\r\n\tat org.testng.internal.invokers.MethodInvocationHelper.invokeMethod(MethodInvocationHelper.java:139)\r\n\tat org.testng.internal.invokers.TestInvoker.invokeMethod(TestInvoker.java:677)\r\n\tat org.testng.internal.invokers.TestInvoker.invokeTestMethod(TestInvoker.java:221)\r\n\tat org.testng.internal.invokers.MethodRunner.runInSequence(MethodRunner.java:50)\r\n\tat org.testng.internal.invokers.TestInvoker$MethodInvocationAgent.invoke(TestInvoker.java:969)\r\n\tat org.testng.internal.invokers.TestInvoker.invokeTestMethods(TestInvoker.java:194)\r\n\tat org.testng.internal.invokers.TestMethodWorker.invokeTestMethods(TestMethodWorker.java:148)\r\n\tat org.testng.internal.invokers.TestMethodWorker.run(TestMethodWorker.java:128)\r\n\tat java.base/java.util.ArrayList.forEach(ArrayList.java:1511)\r\n\tat org.testng.TestRunner.privateRun(TestRunner.java:829)\r\n\tat org.testng.TestRunner.run(TestRunner.java:602)\r\n\tat org.testng.SuiteRunner.runTest(SuiteRunner.java:437)\r\n\tat org.testng.SuiteRunner.runSequentially(SuiteRunner.java:431)\r\n\tat org.testng.SuiteRunner.privateRun(SuiteRunner.java:391)\r\n\tat org.testng.SuiteRunner.run(SuiteRunner.java:330)\r\n\tat org.testng.SuiteRunnerWorker.runSuite(SuiteRunnerWorker.java:52)\r\n\tat org.testng.SuiteRunnerWorker.run(SuiteRunnerWorker.java:95)\r\n\tat org.testng.TestNG.runSuitesSequentially(TestNG.java:1256)\r\n\tat org.testng.TestNG.runSuitesLocally(TestNG.java:1176)\r\n\tat org.testng.TestNG.runSuites(TestNG.java:1099)\r\n\tat org.testng.TestNG.run(TestNG.java:1067)\r\n\tat com.intellij.rt.testng.IDEARemoteTestNG.run(IDEARemoteTestNG.java:66)\r\n\tat com.intellij.rt.testng.RemoteTestNGStarter.main(RemoteTestNGStarter.java:105)\r\n"},"stage":"finished","steps":[],"attachments":[],"parameters":[{"name":"arg1","value":"\"User explores Books then manipulate Orders\""},{"name":"arg0","value":"\"the Authorized User request all Books then request some Book by Id\""}],"start":1701012563560,"stop":1701012573268}